2026-02-10 10:15:01 INFO  [AuthService] User login successful | user_id=1023 | ip=192.168.1.12
2026-02-10 10:15:03 INFO  [PaymentService] Payment initiated | order_id=ORD45821 | amount=1499.00
2026-02-10 10:15:04 WARN  [PaymentService] Slow response from bank gateway | latency=3200ms
2026-02-10 10:15:06 INFO  [InventoryService] Stock verified | product_id=P893 | quantity=12
2026-02-10 10:15:08 INFO  [OrderService] Order confirmed | order_id=ORD45821
2026-02-10 10:15:10 ERROR [NotificationService] Failed to send SMS | user_id=1023 | retry=1
2026-02-10 10:15:12 INFO  [NotificationService] Email notification sent | user_id=1023
2026-02-10 10:15:15 INFO  [API-Gateway] Request completed | endpoint=/api/order | status=200
2026-02-10 10:16:01 INFO  [AuthService] User logout | user_id=1023
2026-02-10 10:16:05 INFO  [AuthService] User login successful | user_id=1045 | ip=192.168.1.25
2026-02-10 10:16:07 INFO  [CatalogService] Product search | keyword="wireless mouse"
2026-02-10 10:16:09 WARN  [CatalogService] Cache miss | cache_key=search_wireless_mouse
2026-02-10 10:16:12 INFO  [CatalogService] Cache updated | cache_key=search_wireless_mouse
2026-02-10 10:16:15 INFO  [API-Gateway] Request completed | endpoint=/api/search | status=200
2026-02-10 10:17:02 INFO  [OrderService] Order initiated | order_id=ORD45845
2026-02-10 10:17:05 ERROR [PaymentService] Payment failed | order_id=ORD45845 | reason=INSUFFICIENT_FUNDS
2026-02-10 10:17:06 INFO  [OrderService] Order cancelled | order_id=ORD45845
2026-02-10 10:17:10 WARN  [SecurityService] Multiple failed login attempts | ip=192.168.1.88
2026-02-10 10:17:12 INFO  [SecurityService] IP temporarily blocked | ip=192.168.1.88
2026-02-10 10:18:01 INFO  [HealthCheck] CPU usage normal | cpu=42%
2026-02-10 10:18:01 INFO  [HealthCheck] Memory usage normal | memory=61%
2026-02-10 10:18:05 INFO  [Scheduler] Daily report job started
2026-02-10 10:18:45 INFO  [Scheduler] Daily report job completed | duration=40s
2026-02-10 10:18:50 INFO  [System] Application running smoothly
